com.sophos.autoupdate: Sophos AutoUpdate
com.sophos.autoupdate: Version 9.2.2
com.sophos.autoupdate: Copyright © 1989-2013 Sophos Ltd. All rights reserved.
com.sophos.autoupdate: 
com.sophos.intercheck: Info:	ic_worker_start: kext not found, attempting to load at 10:10 on 06 March 2015
com.sophos.intercheck: 
com.sophos.intercheck: Sophos Anti-Virus
com.sophos.intercheck: Version 5.12, 03 March 2015
com.sophos.intercheck: Includes detection for 8758119 viruses, trojans and worms
com.sophos.intercheck: Copyright (c) 1989-2012 Sophos Ltd, www.sophos.com
com.sophos.intercheck: 
com.sophos.intercheck: 
com.sophos.intercheck: Using IDE files:
com.sophos.intercheck: 	age-alju.ide  age-alkz.ide  age-allk.ide  age-allo.ide  age-almc.ide  age-almd.ide  age-alng.ide  age-alnm.ide  age-alnu.ide  
com.sophos.intercheck: 	age-aloe.ide  age-alph.ide  age-alpu.ide  age-alqb.ide  age-alqg.ide  age-alrp.ide  age-alry.ide  age-alss.ide  age-alth.ide  
com.sophos.intercheck: 	age-altp.ide  age-altw.ide  age-alua.ide  age-alui.ide  age-alwe.ide  age-alwk.ide  age-alxc.ide  agen-aqq.ide  auto-auf.ide  
com.sophos.intercheck: 	auto-auv.ide  auto-ave.ide  auto-avf.ide  auto-avz.ide  banc-caz.ide  bank-gis.ide  bckd-rsx.ide  bckd-rsy.ide  bdoo-bgo.ide  
com.sophos.intercheck: 	betabo-q.ide  boaxx-am.ide  bondat-o.ide  capha-cd.ide  carbe-bh.ide  carbe-bl.ide  ceeinj-s.ide  chanto-b.ide  chanto-f.ide  
com.sophos.intercheck: 	chipda-a.ide  chipda-c.ide  crowti-a.ide  crypmo-a.ide  delf-fwi.ide  dloa-dxd.ide  docdl-fj.ide  docdl-gb.ide  docdl-gf.ide  
com.sophos.intercheck: 	docdl-gg.ide  docdl-gh.ide  dride-al.ide  dride-ay.ide  dwnl-mgd.ide  dyrez-bn.ide  dyrez-cc.ide  dyrez-cf.ide  dyrez-cp.ide  
com.sophos.intercheck: 	dyrez-cq.ide  dyrez-ct.ide  dyrez-da.ide  dyrez-dc.ide  extenb-h.ide  farei-dr.ide  fondu-dg.ide  hkmai-co.ide  inje-bkm.ide  
com.sophos.intercheck: 	inje-bko.ide  inje-bkp.ide  inje-bkt.ide  jackpo-a.ide  jacksb-m.ide   java-xh.ide  javab-vq.ide  jsdld-aa.ide  jsdld-ab.ide  
com.sophos.intercheck: 	jsred-qd.ide  jsred-qe.ide  kovter-o.ide  malit-fx.ide  malrar-c.ide  mdro-gnq.ide  mdro-gnv.ide  mdro-goc.ide  mdro-goe.ide  
com.sophos.intercheck: 	msil-bnv.ide  msil-box.ide  msil-bre.ide  msil-brk.ide  msil-bsa.ide  msil-bsn.ide  msil-bsp.ide  msil-bsx.ide  msil-btd.ide  
com.sophos.intercheck: 	msil-btk.ide  msil-btv.ide  msil-btz.ide  msil-bua.ide  msil-bud.ide  msil-buf.ide  msil-buy.ide  msil-bvj.ide  msil-bwv.ide  
com.sophos.intercheck: 	msil-bxc.ide  msil-bxj.ide  msil-bxl.ide  msil-bxn.ide  msil-bxy.ide  msil-bya.ide  msil-byf.ide  msili-fg.ide  msili-fv.ide  
com.sophos.intercheck: 	 nimda-k.ide  papra-aw.ide  phis-aah.ide  phpran-a.ide  ramdo-aj.ide  rans-aqk.ide  rans-aql.ide  rans-aqo.ide  rans-aqp.ide  
com.sophos.intercheck: 	rans-aqv.ide  rans-aqw.ide  redir-ai.ide   saker-a.ide   saker-b.ide  sconat-c.ide  simda-cs.ide  sirefe-t.ide    swf-ac.ide  
com.sophos.intercheck: 	swfex-fs.ide  swfex-ft.ide  swfex-ga.ide   tinba-p.ide   umper-c.ide  upatr-hj.ide  upatr-ht.ide  upatr-hx.ide  upatr-if.ide  
com.sophos.intercheck: 	upatr-io.ide  upatre-m.ide    vb-ibu.ide    vb-ibz.ide    vb-icd.ide    vb-ici.ide    vb-icn.ide    vb-ict.ide    vb-icw.ide  
com.sophos.intercheck: 	  vb-icz.ide    vb-idb.ide    vb-idd.ide    vb-idf.ide    vb-idh.ide    vb-idr.ide    vb-ids.ide    vb-idv.ide    vb-iek.ide  
com.sophos.intercheck: 	  vb-iet.ide  vbdro-bj.ide  vbinj-jc.ide  vbsage-e.ide  virrns-d.ide  wonto-na.ide  wonto-ni.ide  wonto-nl.ide  wonto-nn.ide  
com.sophos.intercheck: 	wonto-no.ide  wonto-nq.ide  wonto-nr.ide  wonto-oc.ide  wonto-od.ide  wonto-om.ide  zbot-jlg.ide  zbot-jlq.ide  zbot-jmc.ide  
com.sophos.intercheck: 	zbot-jmr.ide  zegos-dj.ide    zusy-x.ide  
com.sophos.intercheck: 
com.sophos.intercheck: 
com.sophos.intercheck: Info:	On-access scanner started at 10:10 on 06 March 2015
com.sophos.intercheck: 
com.sophos.autoupdate: Updating catalogue information at 10:11:28 06 March 2015
com.sophos.autoupdate: Catalogue updated at 10:11:31 06 March 2015
com.sophos.autoupdate: Download started at 10:11:31 06 March 2015
com.sophos.autoupdate: Download completed at 10:12:09 06 March 2015
com.sophos.autoupdate: Update started at 10:12:09 06 March 2015
com.sophos.intercheck: Info:	ic_worker_start: kext already loaded at 10:12 on 06 March 2015
com.sophos.intercheck: 
com.sophos.autoupdate: Update completed at 10:12:18 06 March 2015
com.sophos.autoupdate: Info:	Checked primary server at 10:12 on 06 March 2015
com.sophos.autoupdate: 	Sophos Anti-Virus was updated
com.sophos.autoupdate: 
com.sophos.intercheck: Sophos Anti-Virus
com.sophos.intercheck: Version 5.12, 03 March 2015
com.sophos.intercheck: Includes detection for 8758179 viruses, trojans and worms
com.sophos.intercheck: Copyright (c) 1989-2012 Sophos Ltd, www.sophos.com
com.sophos.intercheck: 
com.sophos.intercheck: 
com.sophos.intercheck: Using IDE files:
com.sophos.intercheck: 	age-alju.ide  age-alkz.ide  age-allk.ide  age-allo.ide  age-almc.ide  age-almd.ide  age-alng.ide  age-alnm.ide  age-alnu.ide  
com.sophos.intercheck: 	age-aloe.ide  age-alph.ide  age-alpu.ide  age-alqb.ide  age-alqg.ide  age-alrp.ide  age-alry.ide  age-alss.ide  age-alth.ide  
com.sophos.intercheck: 	age-altp.ide  age-altw.ide  age-alua.ide  age-alui.ide  age-alwe.ide  age-alwk.ide  age-alxc.ide  agen-aqq.ide  auto-auf.ide  
com.sophos.intercheck: 	auto-auv.ide  auto-ave.ide  auto-avf.ide  auto-avz.ide  auto-awe.ide  auto-awf.ide  banc-caz.ide  bank-gis.ide  bckd-rsx.ide  
com.sophos.intercheck: 	bckd-rsy.ide  bdoo-bgo.ide  betabo-q.ide  boaxx-am.ide  bondat-o.ide  capha-cd.ide  carbe-bh.ide  carbe-bl.ide  ceeinj-s.ide  
com.sophos.intercheck: 	chanto-b.ide  chanto-f.ide  chipda-a.ide  chipda-c.ide  crowti-a.ide  crypmo-a.ide  delf-fwi.ide  dloa-dxd.ide  docdl-fj.ide  
com.sophos.intercheck: 	docdl-gb.ide  docdl-gf.ide  docdl-gg.ide  docdl-gh.ide  docdl-gw.ide  dride-al.ide  dride-ay.ide  dwnl-mgd.ide  dwnl-mho.ide  
com.sophos.intercheck: 	dyrez-bn.ide  dyrez-cc.ide  dyrez-cf.ide  dyrez-cp.ide  dyrez-cq.ide  dyrez-ct.ide  dyrez-da.ide  dyrez-dc.ide  ecckry-b.ide  
com.sophos.intercheck: 	extenb-h.ide  farei-dr.ide  fondu-dg.ide  hkmai-co.ide  inje-bkm.ide  inje-bko.ide  inje-bkp.ide  inje-bkt.ide  jackpo-a.ide  
com.sophos.intercheck: 	jacksb-m.ide   java-xh.ide  javab-vq.ide  jsdld-aa.ide  jsdld-ab.ide  jsred-qd.ide  jsred-qe.ide  kovter-o.ide  malit-fx.ide  
com.sophos.intercheck: 	malrar-c.ide  mdro-gnq.ide  mdro-gnv.ide  mdro-goc.ide  mdro-goe.ide  msil-bnv.ide  msil-box.ide  msil-bre.ide  msil-brk.ide  
com.sophos.intercheck: 	msil-bsa.ide  msil-bsn.ide  msil-bsp.ide  msil-bsx.ide  msil-btd.ide  msil-btk.ide  msil-btv.ide  msil-btz.ide  msil-bua.ide  
com.sophos.intercheck: 	msil-bud.ide  msil-buf.ide  msil-buy.ide  msil-bvj.ide  msil-bwv.ide  msil-bxc.ide  msil-bxj.ide  msil-bxl.ide  msil-bxn.ide  
com.sophos.intercheck: 	msil-bxy.ide  msil-bya.ide  msil-byf.ide  msili-fg.ide  msili-fv.ide   nimda-k.ide  papra-aw.ide  phis-aah.ide  phpran-a.ide  
com.sophos.intercheck: 	ramdo-aj.ide  rans-aqk.ide  rans-aql.ide  rans-aqo.ide  rans-aqp.ide  rans-aqv.ide  rans-aqw.ide  redir-ai.ide   saker-a.ide  
com.sophos.intercheck: 	 saker-b.ide  sconat-c.ide  simda-cs.ide  sirefe-t.ide    swf-ac.ide  swfex-fs.ide  swfex-ft.ide  swfex-ga.ide   tinba-p.ide  
com.sophos.intercheck: 	 umper-c.ide  upatr-hj.ide  upatr-ht.ide  upatr-hx.ide  upatr-if.ide  upatr-io.ide  upatre-m.ide    vb-ibu.ide    vb-ibz.ide  
com.sophos.intercheck: 	  vb-icd.ide    vb-ici.ide    vb-icn.ide    vb-ict.ide    vb-icw.ide    vb-icz.ide    vb-idb.ide    vb-idd.ide    vb-idf.ide  
com.sophos.intercheck: 	  vb-idh.ide    vb-idr.ide    vb-ids.ide    vb-idv.ide    vb-iek.ide    vb-iet.ide  vbdro-bj.ide  vbinj-jc.ide  vbsage-e.ide  
com.sophos.intercheck: 	virrns-d.ide  wonto-na.ide  wonto-ni.ide  wonto-nl.ide  wonto-nn.ide  wonto-no.ide  wonto-nq.ide  wonto-nr.ide  wonto-oc.ide  
com.sophos.intercheck: 	wonto-od.ide  wonto-om.ide  zbot-jlg.ide  zbot-jlq.ide  zbot-jmc.ide  zbot-jmr.ide  zegos-dj.ide    zusy-x.ide  
com.sophos.intercheck: 
com.sophos.intercheck: 
com.sophos.intercheck: Info:	On-access scanner started at 10:12 on 06 March 2015
com.sophos.intercheck: 
com.sophos.autoupdate: Updating catalogue information at 11:01:56 07 March 2015
com.sophos.autoupdate: Catalogue updated at 11:01:57 07 March 2015
com.sophos.autoupdate: Download started at 11:01:57 07 March 2015
com.sophos.autoupdate: Download completed at 11:02:37 07 March 2015
com.sophos.autoupdate: Update started at 11:02:39 07 March 2015
com.sophos.autoupdate: Error:	Could not update Sophos Anti-Virus at 11:06 on 07 March 2015
com.sophos.autoupdate: 	Update failed
com.sophos.autoupdate: 
